<?xml version="1.0" encoding="UTF-8"?>
<testng-results skipped="0" failed="0" ignored="0" total="1" passed="1">
  <reporter-output>
  </reporter-output>
  <suite name="Surefire suite" duration-ms="22709" started-at="2022-03-22T19:35:36 IST" finished-at="2022-03-22T19:35:59 IST">
    <groups>
      <group name="cucumber">
        <method signature="AbstractTestNGCucumberTests.runScenario(io.cucumber.testng.PickleWrapper,io.cucumber.testng.FeatureWrapper)[pri:0, instance:StepDefinitions.TestRunner@3b088d51]" name="runScenario" class="io.cucumber.testng.AbstractTestNGCucumberTests"/>
      </group> <!-- cucumber -->
    </groups>
    <test name="Surefire test" duration-ms="22709" started-at="2022-03-22T19:35:36 IST" finished-at="2022-03-22T19:35:59 IST">
      <class name="StepDefinitions.TestRunner">
        <test-method status="PASS" signature="setUpClass()[pri:0, instance:StepDefinitions.TestRunner@3b088d51]" name="setUpClass" is-config="true" duration-ms="1493" started-at="2022-03-22T19:35:36 IST" finished-at="2022-03-22T19:35:37 IST">
          <reporter-output>
          </reporter-output>
        </test-method> <!-- setUpClass -->
        <test-method status="PASS" signature="runScenario(io.cucumber.testng.PickleWrapper,io.cucumber.testng.FeatureWrapper)[pri:0, instance:StepDefinitions.TestRunner@3b088d51]" name="runScenario" duration-ms="18066" started-at="2022-03-22T19:35:37 IST" description="Runs Cucumber Scenarios" data-provider="scenarios" finished-at="2022-03-22T19:35:55 IST">
          <params>
            <param index="0">
              <value>
                <![CDATA["verify valid login credentials"]]>
              </value>
            </param>
            <param index="1">
              <value>
                <![CDATA["Optional[Login Test]"]]>
              </value>
            </param>
          </params>
          <reporter-output>
          </reporter-output>
        </test-method> <!-- runScenario -->
        <test-method status="PASS" signature="tearDownClass()[pri:0, instance:StepDefinitions.TestRunner@3b088d51]" name="tearDownClass" is-config="true" duration-ms="3090" started-at="2022-03-22T19:35:55 IST" finished-at="2022-03-22T19:35:59 IST">
          <reporter-output>
          </reporter-output>
        </test-method> <!-- tearDownClass -->
      </class> <!-- StepDefinitions.TestRunner -->
    </test> <!-- Surefire test -->
  </suite> <!-- Surefire suite -->
</testng-results>
